<?xml version="1.0" encoding="UTF-8"?>
<testng-results ignored="0" total="1" passed="1" failed="0" skipped="0">
  <reporter-output>
  </reporter-output>
  <suite started-at="2026-07-02T21:45:52 IST" name="TestLogin" finished-at="2026-07-02T21:46:15 IST" duration-ms="23042">
    <groups>
    </groups>
    <test started-at="2026-07-02T21:45:52 IST" name="LoginTests" finished-at="2026-07-02T21:46:15 IST" duration-ms="23042">
      <class name="tests.LoginTest">
        <test-method is-config="true" signature="setUp()[pri:0, instance:tests.LoginTest@5ffead27]" started-at="2026-07-02T21:45:52 IST" name="setUp" finished-at="2026-07-02T21:46:06 IST" duration-ms="13935" status="PASS">
          <reporter-output>
          </reporter-output>
        </test-method> <!-- setUp -->
        <test-method signature="testValidLogin()[pri:0, instance:tests.LoginTest@5ffead27]" started-at="2026-07-02T21:46:06 IST" name="testValidLogin" finished-at="2026-07-02T21:46:07 IST" duration-ms="963" status="PASS">
          <reporter-output>
          </reporter-output>
        </test-method> <!-- testValidLogin -->
        <test-method is-config="true" signature="tearDown()[pri:0, instance:tests.LoginTest@5ffead27]" started-at="2026-07-02T21:46:07 IST" name="tearDown" finished-at="2026-07-02T21:46:15 IST" duration-ms="8071" status="PASS">
          <reporter-output>
          </reporter-output>
        </test-method> <!-- tearDown -->
      </class> <!-- tests.LoginTest -->
    </test> <!-- LoginTests -->
  </suite> <!-- TestLogin -->
</testng-results>
